Number of atoms in each structure
Crystal
Mg:  166158
Si:  82448
Ox:  331056
------------------------------------
DisloC
Mg:  65400
Si:  31200
Ox:  124800
------------------------------------
SF
Mg:  25200
Si:  12000
Ox:  55800
------------------------------------
DisloB
Mg:  93600
Si:  48600
Ox:  191400
------------------------------------
DisloA
Mg:  37800
Si:  20400
Ox:  86400
------------------------------------
Number of clusters used in each model: 
Clusters Mg ---  8
Clusters Si ---  7
Clusters Ox ---  8
--------------------------------
Datapoints Mg:  (388158, 20)
Datapoints Si:  (194648, 20)
Datapoints Ox:  (789456, 20)

Categories:  ['Crystal', 'DisloC', 'SF', 'DisloB', 'DisloA']
-----------------------
Test structure: Crystal
Probabilities Mg:  [6.71092617e-03 1.22904044e-02 2.19704277e-03 5.43680665e-02
 3.91011852e-03 1.90340440e-10 9.20077515e-01 4.45926375e-04]
Probabilities Si:  [3.08028224e-05 1.89968538e-05 6.72371924e-03 9.69747214e-01
 1.33836343e-15 2.69413092e-04 2.32098535e-02]
Probabilities Ox:  [3.24704245e-09 1.48516899e-02 6.64967341e-04 5.81602282e-03
 9.38845800e-01 2.83752197e-03 3.66815391e-02 3.02455544e-04]
-----------------------
Test structure: DisloC
Probabilities Mg:  [6.54066523e-01 1.40924639e-05 2.04439225e-03 1.19904005e-01
 4.92457907e-06 6.26272089e-08 2.23891734e-01 7.42658044e-05]
Probabilities Si:  [1.60246993e-06 2.61866931e-05 7.68146101e-01 2.27852253e-01
 5.30266672e-09 1.43967652e-03 2.53417498e-03]
Probabilities Ox:  [1.22621421e-08 6.60327283e-05 1.98542773e-03 5.98660978e-01
 3.46533219e-01 9.61107086e-06 5.26594548e-02 8.52641173e-05]
-----------------------
Test structure: SF
Probabilities Mg:  [4.02450471e-05 1.15143924e-07 3.83039949e-04 2.23022833e-05
 9.15599344e-01 1.17999745e-02 7.21549536e-02 2.55256895e-08]
Probabilities Si:  [9.99707782e-01 1.27425636e-10 6.78795667e-08 1.03709160e-06
 1.41393411e-04 1.49717336e-04 1.68892882e-09]
Probabilities Ox:  [3.39917396e-03 3.32334168e-11 1.03965197e-04 2.50311760e-07
 1.61203104e-05 9.96480464e-01 2.49340991e-08 1.45067657e-09]
-----------------------
Test structure: DisloB
Probabilities Mg:  [1.74761575e-03 4.06644488e-08 3.61163627e-01 3.76128459e-04
 2.59843296e-01 3.53616514e-01 2.32512839e-02 1.49434923e-06]
Probabilities Si:  [2.37504998e-01 4.72925569e-07 2.30972993e-03 6.26056891e-03
 3.04902099e-01 4.49018884e-01 3.24658402e-06]
Probabilities Ox:  [3.71072814e-01 1.45791658e-07 3.45536756e-01 1.73950412e-03
 1.30210223e-02 2.68416233e-01 2.11215157e-04 2.31034156e-06]
-----------------------
Test structure: DisloA
Probabilities Mg:  [6.46435342e-03 1.14733143e-04 2.95558734e-04 3.31544893e-01
 1.38246215e-05 2.97119555e-05 6.59803932e-02 5.95556532e-01]
Probabilities Si:  [3.64966089e-05 4.01242667e-01 1.04749483e-02 6.84396863e-02
 1.22688650e-05 4.34379560e-04 5.19359553e-01]
Probabilities Ox:  [3.49791522e-05 8.55806872e-05 2.82077106e-04 1.11278082e-02
 1.44481576e-01 4.54846352e-05 3.49416411e-01 4.94526083e-01]
Identified clusters Mg:  ['DisloC', 'Crystal', 'DisloB', 'DisloA', 'SF', 'DisloB', 'Crystal', 'DisloA']
Identified clusters Si:  ['SF', 'DisloA', 'DisloC', 'Crystal', 'DisloB', 'DisloB', 'DisloA']
Identified clusters Ox:  ['DisloB', 'Crystal', 'DisloB', 'DisloC', 'Crystal', 'SF', 'DisloA', 'DisloA']
All clusters have been properly recognized
