Number of atoms in each structure
Crystal
Mg:  26455
Si:  13195
Ox:  52195
------------------------------------
Number of atoms in each structure
DisloC
Mg:  9360
Si:  2860
Ox:  5720
------------------------------------
Number of atoms in each structure
DisloB
Mg:  6460
Si:  2660
Ox:  15580
------------------------------------
Number of atoms in each structure
DisloA
Mg:  4160
Si:  1560
Ox:  5720
------------------------------------
Number of clusters used in each model: 
Mg ---  7
Si ---  4
Ox ---  9
--------------------------------
Datapoints Mg:  (46435, 20)
Datapoints Si:  (20275, 20)
Datapoints Ox:  (79215, 20)
-----------------------
Test structure: Crystal
Probabilities Mg:  [7.84477138e-05 1.66699018e-02 3.71504359e-51 8.70413716e-07
 9.06327279e-01 7.69235013e-02 9.87622865e-17]
Probabilities Si:  [7.69242092e-02 1.28965379e-06 9.23074501e-01 2.80937414e-20]
Probabilities Ox:  [2.33994989e-02 7.69237244e-02 1.83968900e-11 1.12010207e-05
 5.09868876e-63 8.99567739e-01 1.20963787e-44 1.50915675e-21
 9.78369564e-05]
-----------------------
Test structure: DisloC
Probabilities Mg:  [1.27969817e-06 1.89106832e-01 4.36318724e-20 7.87947847e-01
 2.29439625e-02 1.66087294e-16 7.87149040e-08]
Probabilities Si:  [9.59649289e-108 9.99999624e-001 1.24711364e-008 3.63448009e-007]
Probabilities Ox:  [3.43153787e-01 3.46927612e-14 5.41431699e-06 2.57400175e-06
 2.64174822e-23 1.44121545e-01 2.48542771e-16 7.48095870e-12
 5.12716679e-01]
-----------------------
Test structure: DisloB
Probabilities Mg:  [1.65030599e-009 1.05732633e-012 4.65760232e-001 2.18268368e-007
 1.16298440e-024 1.17078486e-196 5.34239548e-001]
Probabilities Si:  [0.00000000e+00 5.59207666e-07 5.07992020e-46 9.99999441e-01]
Probabilities Ox:  [7.36001937e-06 5.65231289e-71 2.84098011e-01 6.23808116e-07
 4.38814338e-01 4.60625331e-08 2.62632994e-01 1.45403964e-09
 1.44466253e-02]
-----------------------
Test structure: DisloA
Probabilities Mg:  [9.99938641e-01 1.86711981e-05 2.47096904e-14 1.82944188e-05
 2.43892078e-05 7.01607630e-67 3.93152881e-09]
Probabilities Si:  [1.22338380e-212 9.99999641e-001 5.23815306e-022 3.59238774e-007]
Probabilities Ox:  [6.75537241e-02 8.16758623e-13 1.87287728e-07 5.35983092e-01
 5.18971795e-15 2.15174360e-02 4.20701580e-11 3.74719809e-01
 2.25751757e-04]
Identified clusters Mg:  ['DisloA', 'DisloC', 'DisloB', 'DisloC', 'Crystal', 'Crystal', 'DisloB']
Identified clusters Si:  ['Crystal', 'DisloA', 'Crystal', 'DisloB']
Identified clusters Ox:  ['DisloC', 'Crystal', 'DisloB', 'DisloA', 'DisloB', 'Crystal', 'DisloB', 'DisloA', 'DisloC']
2_TestStructure/Output/test.PROB.trj
